Irrlicht Engine version 1.8.3
Linux 4.4.0-21-generic #37-Ubuntu SMP Mon Apr 18 18:33:37 UTC 2016 x86_64
Creating X window...
Using renderer: OpenGL 3.0
Mesa DRI Intel(R) Haswell Mobile : Intel Open Source Technology Center
OpenGL driver version is 1.2 or better.
GLSL version: 1.3
Loaded texture: /home/drartemi/depos/Gomoku/Gomoku/assets/skybox/criminal-element_bk.png
Loaded texture: /home/drartemi/depos/Gomoku/Gomoku/assets/skybox/criminal-element_ft.png
Loaded texture: /home/drartemi/depos/Gomoku/Gomoku/assets/skybox/criminal-element_lf.png
Loaded texture: /home/drartemi/depos/Gomoku/Gomoku/assets/skybox/criminal-element_rt.png
Loaded texture: /home/drartemi/depos/Gomoku/Gomoku/assets/skybox/criminal-element_dn.png
Loaded texture: /home/drartemi/depos/Gomoku/Gomoku/assets/skybox/criminal-element_up.png
Reading material file: room.mtl
Loaded texture: /home/drartemi/depos/Gomoku/Gomoku/assets/room/leather.jpg
Loaded texture: /home/drartemi/depos/Gomoku/Gomoku/assets/room/wall.jpg
Loaded texture: /home/drartemi/depos/Gomoku/Gomoku/assets/room/jincola.jpg
Loaded texture: /home/drartemi/depos/Gomoku/Gomoku/assets/room/couch.png
Loaded texture: /home/drartemi/depos/Gomoku/Gomoku/assets/room/floor.jpg
Could not open file of texture: /home/drartemi/depos/Gomoku/Gomoku/assets/window.png
Loaded texture: /home/drartemi/depos/Gomoku/Gomoku/assets/whitego.jpg
Loaded texture: /home/drartemi/depos/Gomoku/Gomoku/assets/blackgo.jpg
Loaded texture: /home/drartemi/depos/Gomoku/Gomoku/assets/room/curtain.png
Loaded texture: /home/drartemi/depos/Gomoku/Gomoku/assets/room/painting.jpg
Could not open file of texture: /home/drartemi/depos/Gomoku/Gomoku/assets//fustapija_tileable.jpg
Could not open file of texture: /home/drartemi/depos/Gomoku/Gomoku/assets//fustapija_tileable.jpg
Loaded texture: /home/drartemi/depos/Gomoku/Gomoku/assets/table.jpg
Loaded mesh: ./assets/room.obj
Reading material file: goban.mtl
Loaded mesh: ./assets/goban.obj
Loaded texture: /home/drartemi/depos/Gomoku/Gomoku/assets/particle.bmp
Log for Player1: x = 0 y = 0:
Viewing the futur
Result = 0 it's the max !
Log for Player1: x = 1 y = 0:
Viewing the futur
Result = 0
Log for Player1: x = 2 y = 0:
Viewing the futur
Result = 0
Log for Player1: x = 3 y = 0:
Viewing the futur
Result = 0
Log for Player1: x = 4 y = 0:
Viewing the futur
Result = 0
Log for Player1: x = 5 y = 0:
Viewing the futur
Result = 0
Log for Player1: x = 6 y = 0:
Viewing the futur
Result = 0
Log for Player1: x = 7 y = 0:
Viewing the futur
Result = 0
Log for Player1: x = 8 y = 0:
Viewing the futur
Result = 0
Log for Player1: x = 9 y = 0:
Viewing the futur
Result = 0
Log for Player1: x = 10 y = 0:
Viewing the futur
Result = 0
Log for Player1: x = 11 y = 0:
Viewing the futur
Result = 0
Log for Player1: x = 12 y = 0:
Viewing the futur
Result = 0
Log for Player1: x = 13 y = 0:
Viewing the futur
Result = 0
Log for Player1: x = 14 y = 0:
Viewing the futur
Result = 0
Log for Player1: x = 15 y = 0:
Viewing the futur
Result = 0
Log for Player1: x = 16 y = 0:
Viewing the futur
Result = 0
Log for Player1: x = 17 y = 0:
Viewing the futur
Result = 0
Log for Player1: x = 18 y = 0:
Viewing the futur
Result = 0
Log for Player1: x = 0 y = 1:
Viewing the futur
Result = 0
Log for Player1: x = 1 y = 1:
Viewing the futur
Result = 0
Log for Player1: x = 2 y = 1:
Viewing the futur
Result = 0
Log for Player1: x = 3 y = 1:
Viewing the futur
Result = 0
Log for Player1: x = 4 y = 1:
Viewing the futur
Result = 0
Log for Player1: x = 5 y = 1:
Viewing the futur
Result = 0
Log for Player1: x = 6 y = 1:
Viewing the futur
Result = 0
Log for Player1: x = 7 y = 1:
Viewing the futur
Result = 0
Log for Player1: x = 8 y = 1:
Viewing the futur
Result = 0
Log for Player1: x = 9 y = 1:
Viewing the futur
Result = 0
Log for Player1: x = 10 y = 1:
Viewing the futur
Result = 0
Log for Player1: x = 11 y = 1:
Viewing the futur
Result = 0
Log for Player1: x = 12 y = 1:
Viewing the futur
Result = 0
Log for Player1: x = 13 y = 1:
Viewing the futur
Result = 0
Log for Player1: x = 14 y = 1:
Viewing the futur
Result = 0
Log for Player1: x = 15 y = 1:
Viewing the futur
Result = 0
Log for Player1: x = 16 y = 1:
Viewing the futur
Result = 0
Log for Player1: x = 17 y = 1:
Viewing the futur
Result = 0
Log for Player1: x = 18 y = 1:
Viewing the futur
Result = 0
Log for Player1: x = 0 y = 2:
Viewing the futur
Result = 0
Log for Player1: x = 1 y = 2:
Viewing the futur
Result = 0
Log for Player1: x = 2 y = 2:
Viewing the futur
Result = 0
Log for Player1: x = 3 y = 2:
Viewing the futur
Result = 0
Log for Player1: x = 4 y = 2:
Viewing the futur
Result = 0
Log for Player1: x = 5 y = 2:
Viewing the futur
Result = 0
Log for Player1: x = 6 y = 2:
Viewing the futur
Result = 0
Log for Player1: x = 7 y = 2:
Viewing the futur
Result = 0
Log for Player1: x = 8 y = 2:
Viewing the futur
Result = 0
Log for Player1: x = 9 y = 2:
Viewing the futur
Result = 0
Log for Player1: x = 10 y = 2:
Viewing the futur
Result = 0
Log for Player1: x = 11 y = 2:
Viewing the futur
Result = 0
Log for Player1: x = 12 y = 2:
Viewing the futur
Result = 0
Log for Player1: x = 13 y = 2:
Viewing the futur
Result = 0
Log for Player1: x = 14 y = 2:
Viewing the futur
Result = 0
Log for Player1: x = 15 y = 2:
Viewing the futur
Result = 0
Log for Player1: x = 16 y = 2:
Viewing the futur
Result = 0
Log for Player1: x = 17 y = 2:
Viewing the futur
Result = 0
Log for Player1: x = 18 y = 2:
Viewing the futur
Result = 0
Log for Player1: x = 0 y = 3:
Viewing the futur
Result = 0
Log for Player1: x = 1 y = 3:
Viewing the futur
Result = 0
Log for Player1: x = 2 y = 3:
Viewing the futur
Result = 0
Log for Player1: x = 3 y = 3:
Viewing the futur
Result = 0
Log for Player1: x = 4 y = 3:
Viewing the futur
Result = 0
Log for Player1: x = 5 y = 3:
Viewing the futur
Result = 0
Log for Player1: x = 6 y = 3:
Viewing the futur
Result = 0
Log for Player1: x = 7 y = 3:
Viewing the futur
Result = 0
Log for Player1: x = 8 y = 3:
Viewing the futur
Result = 0
Log for Player1: x = 9 y = 3:
Viewing the futur
Result = 0
Log for Player1: x = 10 y = 3:
Viewing the futur
Result = 0
Log for Player1: x = 11 y = 3:
Viewing the futur
Result = 0
Log for Player1: x = 12 y = 3:
Viewing the futur
Result = 0
Log for Player1: x = 13 y = 3:
Viewing the futur
Result = 0
Log for Player1: x = 14 y = 3:
Viewing the futur
Result = 0
Log for Player1: x = 15 y = 3:
Viewing the futur
Result = 0
Log for Player1: x = 16 y = 3:
Viewing the futur
Result = 0
Log for Player1: x = 17 y = 3:
Viewing the futur
Result = 0
Log for Player1: x = 18 y = 3:
Viewing the futur
Result = 0
Log for Player1: x = 0 y = 4:
Viewing the futur
Result = 0
Log for Player1: x = 1 y = 4:
Viewing the futur
Result = 0
Log for Player1: x = 2 y = 4:
Viewing the futur
Result = 0
Log for Player1: x = 3 y = 4:
Viewing the futur
Result = 0
Log for Player1: x = 4 y = 4:
Viewing the futur
Result = 0
Log for Player1: x = 5 y = 4:
Viewing the futur
Result = 0
Log for Player1: x = 6 y = 4:
Viewing the futur
Result = 0
Log for Player1: x = 7 y = 4:
Viewing the futur
Result = 0
Log for Player1: x = 8 y = 4:
Viewing the futur
Result = 0
Log for Player1: x = 9 y = 4:
Viewing the futur
Result = 0
Log for Player1: x = 10 y = 4:
Viewing the futur
Result = 0
Log for Player1: x = 11 y = 4:
Viewing the futur
Result = 0
Log for Player1: x = 12 y = 4:
Viewing the futur
Result = 0
Log for Player1: x = 13 y = 4:
Viewing the futur
Result = 0
Log for Player1: x = 14 y = 4:
Viewing the futur
Result = 0
Log for Player1: x = 15 y = 4:
Viewing the futur
Result = 0
Log for Player1: x = 16 y = 4:
Viewing the futur
Result = 0
Log for Player1: x = 17 y = 4:
Viewing the futur
Result = 0
Log for Player1: x = 18 y = 4:
Viewing the futur
Result = 0
Log for Player1: x = 0 y = 5:
Viewing the futur
Result = 0
Log for Player1: x = 1 y = 5:
Viewing the futur
Result = 0
Log for Player1: x = 2 y = 5:
Viewing the futur
Result = 0
Log for Player1: x = 3 y = 5:
Viewing the futur
Result = 0
Log for Player1: x = 4 y = 5:
Viewing the futur
Result = 0
Log for Player1: x = 5 y = 5:
Viewing the futur
Result = 0
Log for Player1: x = 6 y = 5:
Viewing the futur
Result = 0
Log for Player1: x = 7 y = 5:
Viewing the futur
Result = 0
Log for Player1: x = 8 y = 5:
Viewing the futur
Result = 0
Log for Player1: x = 9 y = 5:
Viewing the futur
Result = 0
Log for Player1: x = 10 y = 5:
Viewing the futur
Result = 0
Log for Player1: x = 11 y = 5:
Viewing the futur
Result = 0
Log for Player1: x = 12 y = 5:
Viewing the futur
Result = 0
Log for Player1: x = 13 y = 5:
Viewing the futur
Result = 0
Log for Player1: x = 14 y = 5:
Viewing the futur
Result = 0
Log for Player1: x = 15 y = 5:
Viewing the futur
Result = 0
Log for Player1: x = 16 y = 5:
Viewing the futur
Result = 0
Log for Player1: x = 17 y = 5:
Viewing the futur
Result = 0
Log for Player1: x = 18 y = 5:
Viewing the futur
Result = 0
Log for Player1: x = 0 y = 6:
Viewing the futur
Result = 0
Log for Player1: x = 1 y = 6:
Viewing the futur
Result = 0
Log for Player1: x = 2 y = 6:
Viewing the futur
Result = 0
Log for Player1: x = 3 y = 6:
Viewing the futur
Result = 0
Log for Player1: x = 4 y = 6:
Viewing the futur
Result = 0
Log for Player1: x = 5 y = 6:
Viewing the futur
Result = 0
Log for Player1: x = 6 y = 6:
Viewing the futur
Result = 0
Log for Player1: x = 7 y = 6:
Viewing the futur
Result = 0
Log for Player1: x = 8 y = 6:
Viewing the futur
Result = 0
Log for Player1: x = 9 y = 6:
Viewing the futur
Result = 0
Log for Player1: x = 10 y = 6:
Viewing the futur
Result = 0
Log for Player1: x = 11 y = 6:
Viewing the futur
Result = 0
Log for Player1: x = 12 y = 6:
Viewing the futur
Result = 0
Log for Player1: x = 13 y = 6:
Viewing the futur
Result = 0
Log for Player1: x = 14 y = 6:
Viewing the futur
Result = 0
Log for Player1: x = 15 y = 6:
Viewing the futur
Result = 0
Log for Player1: x = 16 y = 6:
Viewing the futur
Result = 0
Log for Player1: x = 17 y = 6:
Viewing the futur
Result = 0
Log for Player1: x = 18 y = 6:
Viewing the futur
Result = 0
Log for Player1: x = 0 y = 7:
Viewing the futur
Result = 0
Log for Player1: x = 1 y = 7:
Viewing the futur
Result = 0
Log for Player1: x = 2 y = 7:
Viewing the futur
Result = 0
Log for Player1: x = 3 y = 7:
Viewing the futur
Result = 0
Log for Player1: x = 4 y = 7:
Viewing the futur
Result = 0
Log for Player1: x = 5 y = 7:
Viewing the futur
Result = 0
Log for Player1: x = 6 y = 7:
Viewing the futur
Result = 0
Log for Player1: x = 7 y = 7:
Viewing the futur
Result = 0
Log for Player1: x = 8 y = 7:
Viewing the futur
Result = 0
Log for Player1: x = 9 y = 7:
Viewing the futur
Result = 0
Log for Player1: x = 10 y = 7:
Viewing the futur
Result = 0
Log for Player1: x = 11 y = 7:
Viewing the futur
Result = 0
Log for Player1: x = 12 y = 7:
Viewing the futur
Result = 0
Log for Player1: x = 13 y = 7:
Viewing the futur
Result = 0
Log for Player1: x = 14 y = 7:
Viewing the futur
Result = 0
Log for Player1: x = 15 y = 7:
Viewing the futur
Result = 0
Log for Player1: x = 16 y = 7:
Viewing the futur
Result = 0
Log for Player1: x = 17 y = 7:
Viewing the futur
Result = 0
Log for Player1: x = 18 y = 7:
Viewing the futur
Result = 0
Log for Player1: x = 0 y = 8:
Viewing the futur
Result = 0
Log for Player1: x = 1 y = 8:
Viewing the futur
Result = 0
Log for Player1: x = 2 y = 8:
Viewing the futur
Result = 0
Log for Player1: x = 3 y = 8:
Viewing the futur
Result = 0
Log for Player1: x = 4 y = 8:
Viewing the futur
Result = 0
Log for Player1: x = 5 y = 8:
Viewing the futur
Result = 0
Log for Player1: x = 6 y = 8:
Viewing the futur
Result = 0
Log for Player1: x = 7 y = 8:
Viewing the futur
Result = 0
Log for Player1: x = 8 y = 8:
Viewing the futur
Result = 0
Log for Player1: x = 9 y = 8:
Viewing the futur
Result = 0
Log for Player1: x = 10 y = 8:
Viewing the futur
Result = 0
Log for Player1: x = 11 y = 8:
Viewing the futur
Result = 0
Log for Player1: x = 12 y = 8:
Viewing the futur
Result = 0
Log for Player1: x = 13 y = 8:
Viewing the futur
Result = 0
Log for Player1: x = 14 y = 8:
Viewing the futur
Result = 0
Log for Player1: x = 15 y = 8:
Viewing the futur
Result = 0
Log for Player1: x = 16 y = 8:
Viewing the futur
Result = 0
Log for Player1: x = 17 y = 8:
Viewing the futur
Result = 0
Log for Player1: x = 18 y = 8:
Viewing the futur
Result = 0
Log for Player1: x = 0 y = 9:
Viewing the futur
Result = 0
Log for Player1: x = 1 y = 9:
Viewing the futur
Result = 0
Log for Player1: x = 2 y = 9:
Viewing the futur
Result = 0
Log for Player1: x = 3 y = 9:
Viewing the futur
Result = 0
Log for Player1: x = 4 y = 9:
Viewing the futur
Result = 0
Log for Player1: x = 5 y = 9:
Viewing the futur
Result = 0
Log for Player1: x = 6 y = 9:
Viewing the futur
Result = 0
Log for Player1: x = 7 y = 9:
Viewing the futur
Result = 0
Log for Player1: x = 8 y = 9:
Viewing the futur
Result = 0
Log for Player1: x = 9 y = 9:
Viewing the futur
Result = 0
Log for Player1: x = 10 y = 9:
Viewing the futur
Result = 0
Log for Player1: x = 11 y = 9:
Viewing the futur
Result = 0
Log for Player1: x = 12 y = 9:
Viewing the futur
Result = 0
Log for Player1: x = 13 y = 9:
Viewing the futur
Result = 0
Log for Player1: x = 14 y = 9:
Viewing the futur
Result = 0
Log for Player1: x = 15 y = 9:
Viewing the futur
Result = 0
Log for Player1: x = 16 y = 9:
Viewing the futur
Result = 0
Log for Player1: x = 17 y = 9:
Viewing the futur
Result = 0
Log for Player1: x = 18 y = 9:
Viewing the futur
Result = 0
Log for Player1: x = 0 y = 10:
Viewing the futur
Result = 0
Log for Player1: x = 1 y = 10:
Viewing the futur
Result = 0
Log for Player1: x = 2 y = 10:
Viewing the futur
Result = 0
Log for Player1: x = 3 y = 10:
Viewing the futur
Result = 0
Log for Player1: x = 4 y = 10:
Viewing the futur
Result = 0
Log for Player1: x = 5 y = 10:
Viewing the futur
Result = 0
Log for Player1: x = 6 y = 10:
Viewing the futur
Result = 0
Log for Player1: x = 7 y = 10:
Viewing the futur
Result = 0
Log for Player1: x = 8 y = 10:
Viewing the futur
Result = 0
Log for Player1: x = 9 y = 10:
Viewing the futur
Result = 0
Log for Player1: x = 10 y = 10:
Viewing the futur
Result = 0
Log for Player1: x = 11 y = 10:
Viewing the futur
Result = 0
Log for Player1: x = 12 y = 10:
Viewing the futur
Result = 0
Log for Player1: x = 13 y = 10:
Viewing the futur
Result = 0
Log for Player1: x = 14 y = 10:
Viewing the futur
Result = 0
Log for Player1: x = 15 y = 10:
Viewing the futur
Result = 0
Log for Player1: x = 16 y = 10:
Viewing the futur
Result = 0
Log for Player1: x = 17 y = 10:
Viewing the futur
Result = 0
Log for Player1: x = 18 y = 10:
Viewing the futur
Result = 0
Log for Player1: x = 0 y = 11:
Viewing the futur
Result = 0
Log for Player1: x = 1 y = 11:
Viewing the futur
Result = 0
Log for Player1: x = 2 y = 11:
Viewing the futur
Result = 0
Log for Player1: x = 3 y = 11:
Viewing the futur
Result = 0
Log for Player1: x = 4 y = 11:
Viewing the futur
Result = 0
Log for Player1: x = 5 y = 11:
Viewing the futur
Result = 0
Log for Player1: x = 6 y = 11:
Viewing the futur
Result = 0
Log for Player1: x = 7 y = 11:
Viewing the futur
Result = 0
Log for Player1: x = 8 y = 11:
Viewing the futur
Result = 0
Log for Player1: x = 9 y = 11:
Viewing the futur
Result = 0
Log for Player1: x = 10 y = 11:
Viewing the futur
Result = 0
Log for Player1: x = 11 y = 11:
Viewing the futur
Result = 0
Log for Player1: x = 12 y = 11:
Viewing the futur
Result = 0
Log for Player1: x = 13 y = 11:
Viewing the futur
Result = 0
Log for Player1: x = 14 y = 11:
Viewing the futur
Result = 0
Log for Player1: x = 15 y = 11:
Viewing the futur
Result = 0
Log for Player1: x = 16 y = 11:
Viewing the futur
Result = 0
Log for Player1: x = 17 y = 11:
Viewing the futur
Result = 0
Log for Player1: x = 18 y = 11:
Viewing the futur
Result = 0
Log for Player1: x = 0 y = 12:
Viewing the futur
Result = 0
Log for Player1: x = 1 y = 12:
Viewing the futur
Result = 0
Log for Player1: x = 2 y = 12:
Viewing the futur
Result = 0
Log for Player1: x = 3 y = 12:
Viewing the futur
Result = 0
Log for Player1: x = 4 y = 12:
Viewing the futur
Result = 0
Log for Player1: x = 5 y = 12:
Viewing the futur
Result = 0
Log for Player1: x = 6 y = 12:
Viewing the futur
Result = 0
Log for Player1: x = 7 y = 12:
Viewing the futur
Result = 0
Log for Player1: x = 8 y = 12:
Viewing the futur
Result = 0
Log for Player1: x = 9 y = 12:
Viewing the futur
Result = 0
Log for Player1: x = 10 y = 12:
Viewing the futur
Result = 0
Log for Player1: x = 11 y = 12:
Viewing the futur
Result = 0
Log for Player1: x = 12 y = 12:
Viewing the futur
Result = 0
Log for Player1: x = 13 y = 12:
Viewing the futur
Result = 0
Log for Player1: x = 14 y = 12:
Viewing the futur
Result = 0
Log for Player1: x = 15 y = 12:
Viewing the futur
Result = 0
Log for Player1: x = 16 y = 12:
Viewing the futur
Result = 0
Log for Player1: x = 17 y = 12:
Viewing the futur
Result = 0
Log for Player1: x = 18 y = 12:
Viewing the futur
Result = 0
Log for Player1: x = 0 y = 13:
Viewing the futur
Result = 0
Log for Player1: x = 1 y = 13:
Viewing the futur
Result = 0
Log for Player1: x = 2 y = 13:
Viewing the futur
Result = 0
Log for Player1: x = 3 y = 13:
Viewing the futur
Result = 0
Log for Player1: x = 4 y = 13:
Viewing the futur
Result = 0
Log for Player1: x = 5 y = 13:
Viewing the futur
Result = 0
Log for Player1: x = 6 y = 13:
Viewing the futur
Result = 0
Log for Player1: x = 7 y = 13:
Viewing the futur
Result = 0
Log for Player1: x = 8 y = 13:
Viewing the futur
Result = 0
Log for Player1: x = 9 y = 13:
Viewing the futur
Result = 0
Log for Player1: x = 10 y = 13:
Viewing the futur
Result = 0
Log for Player1: x = 11 y = 13:
Viewing the futur
Result = 0
Log for Player1: x = 12 y = 13:
Viewing the futur
Result = 0
Log for Player1: x = 13 y = 13:
Viewing the futur
Result = 0
Log for Player1: x = 14 y = 13:
Viewing the futur
Result = 0
Log for Player1: x = 15 y = 13:
Viewing the futur
Result = 0
Log for Player1: x = 16 y = 13:
Viewing the futur
Result = 0
Log for Player1: x = 17 y = 13:
Viewing the futur
Result = 0
Log for Player1: x = 18 y = 13:
Viewing the futur
Result = 0
Log for Player1: x = 0 y = 14:
Viewing the futur
Result = 0
Log for Player1: x = 1 y = 14:
Viewing the futur
Result = 0
Log for Player1: x = 2 y = 14:
Viewing the futur
Result = 0
Log for Player1: x = 3 y = 14:
Viewing the futur
Result = 0
Log for Player1: x = 4 y = 14:
Viewing the futur
Result = 0
Log for Player1: x = 5 y = 14:
Viewing the futur
Result = 0
Log for Player1: x = 6 y = 14:
Viewing the futur
Result = 0
Log for Player1: x = 7 y = 14:
Viewing the futur
Result = 0
Log for Player1: x = 8 y = 14:
Viewing the futur
Result = 0
Log for Player1: x = 9 y = 14:
Viewing the futur
Result = 0
Log for Player1: x = 10 y = 14:
Viewing the futur
Result = 0
Log for Player1: x = 11 y = 14:
Viewing the futur
Result = 0
Log for Player1: x = 12 y = 14:
Viewing the futur
Result = 0
Log for Player1: x = 13 y = 14:
Viewing the futur
Result = 0
Log for Player1: x = 14 y = 14:
Viewing the futur
Result = 0
Log for Player1: x = 15 y = 14:
Viewing the futur
Result = 0
Log for Player1: x = 16 y = 14:
Viewing the futur
Result = 0
Log for Player1: x = 17 y = 14:
Viewing the futur
Result = 0
Log for Player1: x = 18 y = 14:
Viewing the futur
Result = 0
Log for Player1: x = 0 y = 15:
Viewing the futur
Result = 0
Log for Player1: x = 1 y = 15:
Viewing the futur
Result = 0
Log for Player1: x = 2 y = 15:
Viewing the futur
Result = 0
Log for Player1: x = 3 y = 15:
Viewing the futur
Result = 0
Log for Player1: x = 4 y = 15:
Viewing the futur
Result = 0
Log for Player1: x = 5 y = 15:
Viewing the futur
Result = 0
Log for Player1: x = 6 y = 15:
Viewing the futur
Result = 0
Log for Player1: x = 7 y = 15:
Viewing the futur
Result = 0
Log for Player1: x = 8 y = 15:
Viewing the futur
Result = 0
Log for Player1: x = 9 y = 15:
Viewing the futur
Result = 0
Log for Player1: x = 10 y = 15:
Viewing the futur
Result = 0
Log for Player1: x = 11 y = 15:
Viewing the futur
Result = 0
Log for Player1: x = 12 y = 15:
Viewing the futur
Result = 0
Log for Player1: x = 13 y = 15:
Viewing the futur
Result = 0
Log for Player1: x = 14 y = 15:
Viewing the futur
Result = 0
Log for Player1: x = 15 y = 15:
Viewing the futur
Result = 0
Log for Player1: x = 16 y = 15:
Viewing the futur
Result = 0
Log for Player1: x = 17 y = 15:
Viewing the futur
Result = 0
Log for Player1: x = 18 y = 15:
Viewing the futur
Result = 0
Log for Player1: x = 0 y = 16:
Viewing the futur
Result = 0
Log for Player1: x = 1 y = 16:
Viewing the futur
Result = 0
Log for Player1: x = 2 y = 16:
Viewing the futur
Result = 0
Log for Player1: x = 3 y = 16:
Viewing the futur
Result = 0
Log for Player1: x = 4 y = 16:
Viewing the futur
Result = 0
Log for Player1: x = 5 y = 16:
Viewing the futur
Result = 0
Log for Player1: x = 6 y = 16:
Viewing the futur
Result = 0
Log for Player1: x = 7 y = 16:
Viewing the futur
Result = 0
Log for Player1: x = 8 y = 16:
Viewing the futur
Result = 0
Log for Player1: x = 9 y = 16:
Viewing the futur
Result = 0
Log for Player1: x = 10 y = 16:
Viewing the futur
Result = 0
Log for Player1: x = 11 y = 16:
Viewing the futur
Result = 0
Log for Player1: x = 12 y = 16:
Viewing the futur
Result = 0
Log for Player1: x = 13 y = 16:
Viewing the futur
Result = 0
Log for Player1: x = 14 y = 16:
Viewing the futur
Result = 0
Log for Player1: x = 15 y = 16:
Viewing the futur
Result = 0
Log for Player1: x = 16 y = 16:
Viewing the futur
Result = 0
Log for Player1: x = 17 y = 16:
Viewing the futur
Result = 0
Log for Player1: x = 18 y = 16:
Viewing the futur
Result = 0
Log for Player1: x = 0 y = 17:
Viewing the futur
Result = 0
Log for Player1: x = 1 y = 17:
Viewing the futur
Result = 0
Log for Player1: x = 2 y = 17:
Viewing the futur
Result = 0
Log for Player1: x = 3 y = 17:
Viewing the futur
Result = 0
Log for Player1: x = 4 y = 17:
Viewing the futur
Result = 0
Log for Player1: x = 5 y = 17:
Viewing the futur
Result = 0
Log for Player1: x = 6 y = 17:
Viewing the futur
Result = 0
Log for Player1: x = 7 y = 17:
Viewing the futur
Result = 0
Log for Player1: x = 8 y = 17:
Viewing the futur
Result = 0
Log for Player1: x = 9 y = 17:
Viewing the futur
Result = 0
Log for Player1: x = 10 y = 17:
Viewing the futur
Result = 0
Log for Player1: x = 11 y = 17:
Viewing the futur
Result = 0
Log for Player1: x = 12 y = 17:
Viewing the futur
Result = 0
Log for Player1: x = 13 y = 17:
Viewing the futur
Result = 0
Log for Player1: x = 14 y = 17:
Viewing the futur
Result = 0
Log for Player1: x = 15 y = 17:
Viewing the futur
Result = 0
Log for Player1: x = 16 y = 17:
Viewing the futur
Result = 0
Log for Player1: x = 17 y = 17:
Viewing the futur
Result = 0
Log for Player1: x = 18 y = 17:
Viewing the futur
Result = 0
Log for Player1: x = 0 y = 18:
Viewing the futur
Result = 0
Log for Player1: x = 1 y = 18:
Viewing the futur
Result = 0
Log for Player1: x = 2 y = 18:
Viewing the futur
Result = 0
Log for Player1: x = 3 y = 18:
Viewing the futur
Result = 0
Log for Player1: x = 4 y = 18:
Viewing the futur
Result = 0
Log for Player1: x = 5 y = 18:
Viewing the futur
Result = 0
Log for Player1: x = 6 y = 18:
Viewing the futur
Result = 0
Log for Player1: x = 7 y = 18:
Viewing the futur
Result = 0
Log for Player1: x = 8 y = 18:
Viewing the futur
Result = 0
Log for Player1: x = 9 y = 18:
Viewing the futur
Result = 0
Log for Player1: x = 10 y = 18:
Viewing the futur
Result = 0
Log for Player1: x = 11 y = 18:
Viewing the futur
Result = 0
Log for Player1: x = 12 y = 18:
Viewing the futur
Result = 0
Log for Player1: x = 13 y = 18:
Viewing the futur
Result = 0
Log for Player1: x = 14 y = 18:
Viewing the futur
Result = 0
Log for Player1: x = 15 y = 18:
Viewing the futur
Result = 0
Log for Player1: x = 16 y = 18:
Viewing the futur
Result = 0
Log for Player1: x = 17 y = 18:
Viewing the futur
Result = 0
Log for Player1: x = 18 y = 18:
Viewing the futur
Result = 0

---- 0 0 ----

Reading material file: whitego.mtl
Loaded mesh: ./assets/whitego.obj
Log for Player2: x = 1 y = 0:
Viewing the futur
Result = 0 it's the max !
Log for Player2: x = 2 y = 0:
Viewing the futur
Result = 0
Log for Player2: x = 3 y = 0:
Viewing the futur
Result = 0
Log for Player2: x = 4 y = 0:
Viewing the futur
Result = 0
Log for Player2: x = 5 y = 0:
Viewing the futur
Result = 0
Log for Player2: x = 6 y = 0:
Viewing the futur
Result = 0
Log for Player2: x = 7 y = 0:
Viewing the futur
Result = 0
Log for Player2: x = 8 y = 0:
Viewing the futur
Result = 0
Log for Player2: x = 9 y = 0:
Viewing the futur
Result = 0
Log for Player2: x = 10 y = 0:
Viewing the futur
Result = 0
Log for Player2: x = 11 y = 0:
Viewing the futur
Result = 0
Log for Player2: x = 12 y = 0:
Viewing the futur
Result = 0
Log for Player2: x = 13 y = 0:
Viewing the futur
Result = 0
Log for Player2: x = 14 y = 0:
Viewing the futur
Result = 0
Log for Player2: x = 15 y = 0:
Viewing the futur
Result = 0
Log for Player2: x = 16 y = 0:
Viewing the futur
Result = 0
Log for Player2: x = 17 y = 0:
Viewing the futur
Result = 0
Log for Player2: x = 18 y = 0:
Viewing the futur
Result = 0
Log for Player2: x = 0 y = 1:
Viewing the futur
Result = 0
Log for Player2: x = 1 y = 1:
Viewing the futur
Result = 0
Log for Player2: x = 2 y = 1:
Viewing the futur
Result = 0
Log for Player2: x = 3 y = 1:
Viewing the futur
Result = 0
Log for Player2: x = 4 y = 1:
Viewing the futur
Result = 0
Log for Player2: x = 5 y = 1:
Viewing the futur
Result = 0
Log for Player2: x = 6 y = 1:
Viewing the futur
Result = 0
Log for Player2: x = 7 y = 1:
Viewing the futur
Result = 0
Log for Player2: x = 8 y = 1:
Viewing the futur
Result = 0
Log for Player2: x = 9 y = 1:
Viewing the futur
Result = 0
Log for Player2: x = 10 y = 1:
Viewing the futur
Result = 0
Log for Player2: x = 11 y = 1:
Viewing the futur
Result = 0
Log for Player2: x = 12 y = 1:
Viewing the futur
Result = 0
Log for Player2: x = 13 y = 1:
Viewing the futur
Result = 0
Log for Player2: x = 14 y = 1:
Viewing the futur
Result = 0
Log for Player2: x = 15 y = 1:
Viewing the futur
Result = 0
Log for Player2: x = 16 y = 1:
Viewing the futur
Result = 0
Log for Player2: x = 17 y = 1:
Viewing the futur
Result = 0
Log for Player2: x = 18 y = 1:
Viewing the futur
Result = 0
Log for Player2: x = 0 y = 2:
Viewing the futur
Result = 0
Log for Player2: x = 1 y = 2:
Viewing the futur
Result = 0
Log for Player2: x = 2 y = 2:
Viewing the futur
Result = 0
Log for Player2: x = 3 y = 2:
Viewing the futur
Result = 0
Log for Player2: x = 4 y = 2:
Viewing the futur
Result = 0
Log for Player2: x = 5 y = 2:
Viewing the futur
Result = 0
Log for Player2: x = 6 y = 2:
Viewing the futur
Result = 0
Log for Player2: x = 7 y = 2:
Viewing the futur
Result = 0
Log for Player2: x = 8 y = 2:
Viewing the futur
Result = 0
Log for Player2: x = 9 y = 2:
Viewing the futur
Result = 0
Log for Player2: x = 10 y = 2:
Viewing the futur
Result = 0
Log for Player2: x = 11 y = 2:
Viewing the futur
Result = 0
Log for Player2: x = 12 y = 2:
Viewing the futur
Result = 0
Log for Player2: x = 13 y = 2:
Viewing the futur
Result = 0
Log for Player2: x = 14 y = 2:
Viewing the futur
Result = 0
Log for Player2: x = 15 y = 2:
Viewing the futur
Result = 0
Log for Player2: x = 16 y = 2:
Viewing the futur
Result = 0
Log for Player2: x = 17 y = 2:
Viewing the futur
Result = 0
Log for Player2: x = 18 y = 2:
Viewing the futur
Result = 0
Log for Player2: x = 0 y = 3:
Viewing the futur
Result = 0
Log for Player2: x = 1 y = 3:
Viewing the futur
Result = 0
Log for Player2: x = 2 y = 3:
Viewing the futur
Result = 0
Log for Player2: x = 3 y = 3:
Viewing the futur
Result = 0
Log for Player2: x = 4 y = 3:
Viewing the futur
Result = 0
Log for Player2: x = 5 y = 3:
Viewing the futur
Result = 0
Log for Player2: x = 6 y = 3:
Viewing the futur
Result = 0
Log for Player2: x = 7 y = 3:
Viewing the futur
Result = 0
Log for Player2: x = 8 y = 3:
Viewing the futur
Result = 0
Log for Player2: x = 9 y = 3:
Viewing the futur
Result = 0
Log for Player2: x = 10 y = 3:
Viewing the futur
Result = 0
Log for Player2: x = 11 y = 3:
Viewing the futur
Result = 0
Log for Player2: x = 12 y = 3:
Viewing the futur
Result = 0
Log for Player2: x = 13 y = 3:
Viewing the futur
Result = 0
Log for Player2: x = 14 y = 3:
Viewing the futur
Result = 0
Log for Player2: x = 15 y = 3:
Viewing the futur
Result = 0
Log for Player2: x = 16 y = 3:
Viewing the futur
Result = 0
Log for Player2: x = 17 y = 3:
Viewing the futur
Result = 0
Log for Player2: x = 18 y = 3:
Viewing the futur
Result = 0
Log for Player2: x = 0 y = 4:
Viewing the futur
Result = 0
Log for Player2: x = 1 y = 4:
Viewing the futur
Result = 0
Log for Player2: x = 2 y = 4:
Viewing the futur
Result = 0
Log for Player2: x = 3 y = 4:
Viewing the futur
Result = 0
Log for Player2: x = 4 y = 4:
Viewing the futur
Result = 0
Log for Player2: x = 5 y = 4:
Viewing the futur
Result = 0
Log for Player2: x = 6 y = 4:
Viewing the futur
Result = 0
Log for Player2: x = 7 y = 4:
Viewing the futur
Result = 0
Log for Player2: x = 8 y = 4:
Viewing the futur
Result = 0
Log for Player2: x = 9 y = 4:
Viewing the futur
Result = 0
Log for Player2: x = 10 y = 4:
Viewing the futur
Result = 0
Log for Player2: x = 11 y = 4:
Viewing the futur
Result = 0
Log for Player2: x = 12 y = 4:
Viewing the futur
Result = 0
Log for Player2: x = 13 y = 4:
Viewing the futur
Result = 0
Log for Player2: x = 14 y = 4:
Viewing the futur
Result = 0
Log for Player2: x = 15 y = 4:
Viewing the futur
Result = 0
Log for Player2: x = 16 y = 4:
Viewing the futur
Result = 0
Log for Player2: x = 17 y = 4:
Viewing the futur
Result = 0
Log for Player2: x = 18 y = 4:
Viewing the futur
Result = 0
Log for Player2: x = 0 y = 5:
Viewing the futur
Result = 0
Log for Player2: x = 1 y = 5:
Viewing the futur
Result = 0
Log for Player2: x = 2 y = 5:
Viewing the futur
Result = 0
Log for Player2: x = 3 y = 5:
Viewing the futur
Result = 0
Log for Player2: x = 4 y = 5:
Viewing the futur
Result = 0
Log for Player2: x = 5 y = 5:
Viewing the futur
Result = 0
Log for Player2: x = 6 y = 5:
Viewing the futur
Result = 0
Log for Player2: x = 7 y = 5:
Viewing the futur
Result = 0
Log for Player2: x = 8 y = 5:
Viewing the futur
Result = 0
Log for Player2: x = 9 y = 5:
Viewing the futur
Result = 0
Log for Player2: x = 10 y = 5:
Viewing the futur
Result = 0
Log for Player2: x = 11 y = 5:
Viewing the futur
Result = 0
Log for Player2: x = 12 y = 5:
Viewing the futur
Result = 0
Log for Player2: x = 13 y = 5:
Viewing the futur
Result = 0
Log for Player2: x = 14 y = 5:
Viewing the futur
Result = 0
Log for Player2: x = 15 y = 5:
Viewing the futur
Result = 0
Log for Player2: x = 16 y = 5:
Viewing the futur
Result = 0
Log for Player2: x = 17 y = 5:
Viewing the futur
Result = 0
Log for Player2: x = 18 y = 5:
Viewing the futur
Result = 0
Log for Player2: x = 0 y = 6:
Viewing the futur
Result = 0
Log for Player2: x = 1 y = 6:
Viewing the futur
Result = 0
Log for Player2: x = 2 y = 6:
Viewing the futur
Result = 0
Log for Player2: x = 3 y = 6:
Viewing the futur
Result = 0
Log for Player2: x = 4 y = 6:
Viewing the futur
Result = 0
Log for Player2: x = 5 y = 6:
Viewing the futur
Result = 0
Log for Player2: x = 6 y = 6:
Viewing the futur
Result = 0
Log for Player2: x = 7 y = 6:
Viewing the futur
Result = 0
Log for Player2: x = 8 y = 6:
Viewing the futur
Result = 0
Log for Player2: x = 9 y = 6:
Viewing the futur
Result = 0
Log for Player2: x = 10 y = 6:
Viewing the futur
Result = 0
Log for Player2: x = 11 y = 6:
Viewing the futur
Result = 0
Log for Player2: x = 12 y = 6:
Viewing the futur
Result = 0
Log for Player2: x = 13 y = 6:
Viewing the futur
Result = 0
Log for Player2: x = 14 y = 6:
Viewing the futur
Result = 0
Log for Player2: x = 15 y = 6:
Viewing the futur
Result = 0
Log for Player2: x = 16 y = 6:
Viewing the futur
Result = 0
Log for Player2: x = 17 y = 6:
Viewing the futur
Result = 0
Log for Player2: x = 18 y = 6:
Viewing the futur
Result = 0
Log for Player2: x = 0 y = 7:
Viewing the futur
Result = 0
Log for Player2: x = 1 y = 7:
Viewing the futur
Result = 0
Log for Player2: x = 2 y = 7:
Viewing the futur
Result = 0
Log for Player2: x = 3 y = 7:
Viewing the futur
Result = 0
Log for Player2: x = 4 y = 7:
Viewing the futur
Result = 0
Log for Player2: x = 5 y = 7:
Viewing the futur
Result = 0
Log for Player2: x = 6 y = 7:
Viewing the futur
Result = 0
Log for Player2: x = 7 y = 7:
Viewing the futur
Result = 0
Log for Player2: x = 8 y = 7:
Viewing the futur
Result = 0
Log for Player2: x = 9 y = 7:
Viewing the futur
Result = 0
Log for Player2: x = 10 y = 7:
Viewing the futur
Result = 0
Log for Player2: x = 11 y = 7:
Viewing the futur
Result = 0
Log for Player2: x = 12 y = 7:
Viewing the futur
Result = 0
Log for Player2: x = 13 y = 7:
Viewing the futur
Result = 0
Log for Player2: x = 14 y = 7:
Viewing the futur
Result = 0
Log for Player2: x = 15 y = 7:
Viewing the futur
Result = 0
Log for Player2: x = 16 y = 7:
Viewing the futur
Result = 0
Log for Player2: x = 17 y = 7:
Viewing the futur
Result = 0
Log for Player2: x = 18 y = 7:
Viewing the futur
Result = 0
Log for Player2: x = 0 y = 8:
Viewing the futur
Result = 0
Log for Player2: x = 1 y = 8:
Viewing the futur
Result = 0
Log for Player2: x = 2 y = 8:
Viewing the futur
Result = 0
Log for Player2: x = 3 y = 8:
Viewing the futur
Result = 0
Log for Player2: x = 4 y = 8:
Viewing the futur
Result = 0
Log for Player2: x = 5 y = 8:
Viewing the futur
Result = 0
Log for Player2: x = 6 y = 8:
Viewing the futur
Result = 0
Log for Player2: x = 7 y = 8:
Viewing the futur
Result = 0
Log for Player2: x = 8 y = 8:
Viewing the futur
Result = 0
Log for Player2: x = 9 y = 8:
Viewing the futur
Result = 0
Log for Player2: x = 10 y = 8:
Viewing the futur
Result = 0
Log for Player2: x = 11 y = 8:
Viewing the futur
Result = 0
Log for Player2: x = 12 y = 8:
Viewing the futur
Result = 0
Log for Player2: x = 13 y = 8:
Viewing the futur
Result = 0
Log for Player2: x = 14 y = 8:
Viewing the futur
Result = 0
Log for Player2: x = 15 y = 8:
Viewing the futur
Result = 0
Log for Player2: x = 16 y = 8:
Viewing the futur
Result = 0
Log for Player2: x = 17 y = 8:
Viewing the futur
Result = 0
Log for Player2: x = 18 y = 8:
Viewing the futur
Result = 0
Log for Player2: x = 0 y = 9:
Viewing the futur
Result = 0
Log for Player2: x = 1 y = 9:
Viewing the futur
Result = 0
Log for Player2: x = 2 y = 9:
Viewing the futur
Result = 0
Log for Player2: x = 3 y = 9:
Viewing the futur
Result = 0
Log for Player2: x = 4 y = 9:
Viewing the futur
Result = 0
Log for Player2: x = 5 y = 9:
Viewing the futur
Result = 0
Log for Player2: x = 6 y = 9:
Viewing the futur
Result = 0
Log for Player2: x = 7 y = 9:
Viewing the futur
Result = 0
Log for Player2: x = 8 y = 9:
Viewing the futur
Result = 0
Log for Player2: x = 9 y = 9:
Viewing the futur
Result = 0
Log for Player2: x = 10 y = 9:
Viewing the futur
Result = 0
Log for Player2: x = 11 y = 9:
Viewing the futur
Result = 0
Log for Player2: x = 12 y = 9:
Viewing the futur
Result = 0
Log for Player2: x = 13 y = 9:
Viewing the futur
Result = 0
Log for Player2: x = 14 y = 9:
Viewing the futur
Result = 0
Log for Player2: x = 15 y = 9:
Viewing the futur
Result = 0
Log for Player2: x = 16 y = 9:
Viewing the futur
Result = 0
Log for Player2: x = 17 y = 9:
Viewing the futur
Result = 0
Log for Player2: x = 18 y = 9:
Viewing the futur
Result = 0
Log for Player2: x = 0 y = 10:
Viewing the futur
Result = 0
Log for Player2: x = 1 y = 10:
Viewing the futur
Result = 0
Log for Player2: x = 2 y = 10:
Viewing the futur
Result = 0
Log for Player2: x = 3 y = 10:
Viewing the futur
Result = 0
Log for Player2: x = 4 y = 10:
Viewing the futur
Result = 0
Log for Player2: x = 5 y = 10:
Viewing the futur
Result = 0
Log for Player2: x = 6 y = 10:
Viewing the futur
Result = 0
Log for Player2: x = 7 y = 10:
Viewing the futur
Result = 0
Log for Player2: x = 8 y = 10:
Viewing the futur
Result = 0
Log for Player2: x = 9 y = 10:
Viewing the futur
Result = 0
Log for Player2: x = 10 y = 10:
Viewing the futur
Result = 0
Log for Player2: x = 11 y = 10:
Viewing the futur
Result = 0
Log for Player2: x = 12 y = 10:
Viewing the futur
Result = 0
Log for Player2: x = 13 y = 10:
Viewing the futur
Result = 0
Log for Player2: x = 14 y = 10:
Viewing the futur
Result = 0
Log for Player2: x = 15 y = 10:
Viewing the futur
Result = 0
Log for Player2: x = 16 y = 10:
Viewing the futur
Result = 0
Log for Player2: x = 17 y = 10:
Viewing the futur
Result = 0
Log for Player2: x = 18 y = 10:
Viewing the futur
Result = 0
Log for Player2: x = 0 y = 11:
Viewing the futur
Result = 0
Log for Player2: x = 1 y = 11:
Viewing the futur
Result = 0
Log for Player2: x = 2 y = 11:
Viewing the futur
Result = 0
Log for Player2: x = 3 y = 11:
Viewing the futur
Result = 0
Log for Player2: x = 4 y = 11:
Viewing the futur
Result = 0
Log for Player2: x = 5 y = 11:
Viewing the futur
Result = 0
Log for Player2: x = 6 y = 11:
Viewing the futur
Result = 0
Log for Player2: x = 7 y = 11:
Viewing the futur
Result = 0
Log for Player2: x = 8 y = 11:
Viewing the futur
Result = 0
Log for Player2: x = 9 y = 11:
Viewing the futur
Result = 0
Log for Player2: x = 10 y = 11:
Viewing the futur
Result = 0
Log for Player2: x = 11 y = 11:
Viewing the futur
Result = 0
Log for Player2: x = 12 y = 11:
Viewing the futur
Result = 0
Log for Player2: x = 13 y = 11:
Viewing the futur
Result = 0
Log for Player2: x = 14 y = 11:
Viewing the futur
Result = 0
Log for Player2: x = 15 y = 11:
Viewing the futur
Result = 0
Log for Player2: x = 16 y = 11:
Viewing the futur
Result = 0
Log for Player2: x = 17 y = 11:
Viewing the futur
Result = 0
Log for Player2: x = 18 y = 11:
Viewing the futur
Result = 0
Log for Player2: x = 0 y = 12:
Viewing the futur
Result = 0
Log for Player2: x = 1 y = 12:
Viewing the futur
Result = 0
Log for Player2: x = 2 y = 12:
Viewing the futur
Result = 0
Log for Player2: x = 3 y = 12:
Viewing the futur
Result = 0
Log for Player2: x = 4 y = 12:
Viewing the futur
Result = 0
Log for Player2: x = 5 y = 12:
Viewing the futur
Result = 0
Log for Player2: x = 6 y = 12:
Viewing the futur
Result = 0
Log for Player2: x = 7 y = 12:
Viewing the futur
Result = 0
Log for Player2: x = 8 y = 12:
Viewing the futur
Result = 0
Log for Player2: x = 9 y = 12:
Viewing the futur
Result = 0
Log for Player2: x = 10 y = 12:
Viewing the futur
Result = 0
Log for Player2: x = 11 y = 12:
Viewing the futur
Result = 0
Log for Player2: x = 12 y = 12:
Viewing the futur
Result = 0
Log for Player2: x = 13 y = 12:
Viewing the futur
Result = 0
Log for Player2: x = 14 y = 12:
Viewing the futur
Result = 0
Log for Player2: x = 15 y = 12:
Viewing the futur
Result = 0
Log for Player2: x = 16 y = 12:
Viewing the futur
Result = 0
Log for Player2: x = 17 y = 12:
Viewing the futur
Result = 0
Log for Player2: x = 18 y = 12:
Viewing the futur
Result = 0
Log for Player2: x = 0 y = 13:
Viewing the futur
Result = 0
Log for Player2: x = 1 y = 13:
Viewing the futur
Result = 0
Log for Player2: x = 2 y = 13:
Viewing the futur
Result = 0
Log for Player2: x = 3 y = 13:
Viewing the futur
Result = 0
Log for Player2: x = 4 y = 13:
Viewing the futur
Result = 0
Log for Player2: x = 5 y = 13:
Viewing the futur
Result = 0
Log for Player2: x = 6 y = 13:
Viewing the futur
Result = 0
Log for Player2: x = 7 y = 13:
Viewing the futur
Result = 0
Log for Player2: x = 8 y = 13:
Viewing the futur
Result = 0
Log for Player2: x = 9 y = 13:
Viewing the futur
Result = 0
Log for Player2: x = 10 y = 13:
Viewing the futur
Result = 0
Log for Player2: x = 11 y = 13:
Viewing the futur
Result = 0
Log for Player2: x = 12 y = 13:
Viewing the futur
Result = 0
Log for Player2: x = 13 y = 13:
Viewing the futur
Result = 0
Log for Player2: x = 14 y = 13:
Viewing the futur
Result = 0
Log for Player2: x = 15 y = 13:
Viewing the futur
Result = 0
Log for Player2: x = 16 y = 13:
Viewing the futur
Result = 0
Log for Player2: x = 17 y = 13:
Viewing the futur
Result = 0
Log for Player2: x = 18 y = 13:
Viewing the futur
Result = 0
Log for Player2: x = 0 y = 14:
Viewing the futur
Result = 0
Log for Player2: x = 1 y = 14:
Viewing the futur
Result = 0
Log for Player2: x = 2 y = 14:
Viewing the futur
Result = 0
Log for Player2: x = 3 y = 14:
Viewing the futur
Result = 0
Log for Player2: x = 4 y = 14:
Viewing the futur
Result = 0
Log for Player2: x = 5 y = 14:
Viewing the futur
Result = 0
Log for Player2: x = 6 y = 14:
Viewing the futur
Result = 0
Log for Player2: x = 7 y = 14:
Viewing the futur
Result = 0
Log for Player2: x = 8 y = 14:
Viewing the futur
Result = 0
Log for Player2: x = 9 y = 14:
Viewing the futur
Result = 0
Log for Player2: x = 10 y = 14:
Viewing the futur
Result = 0
Log for Player2: x = 11 y = 14:
Viewing the futur
Result = 0
Log for Player2: x = 12 y = 14:
Viewing the futur
Result = 0
Log for Player2: x = 13 y = 14:
Viewing the futur
Result = 0
Log for Player2: x = 14 y = 14:
Viewing the futur
Result = 0
Log for Player2: x = 15 y = 14:
Viewing the futur
Result = 0
Log for Player2: x = 16 y = 14:
Viewing the futur
Result = 0
Log for Player2: x = 17 y = 14:
Viewing the futur
Result = 0
Log for Player2: x = 18 y = 14:
Viewing the futur
Result = 0
Log for Player2: x = 0 y = 15:
Viewing the futur
Result = 0
Log for Player2: x = 1 y = 15:
Viewing the futur
Result = 0
Log for Player2: x = 2 y = 15:
Viewing the futur
Result = 0
Log for Player2: x = 3 y = 15:
Viewing the futur
Result = 0
Log for Player2: x = 4 y = 15:
Viewing the futur
Result = 0
Log for Player2: x = 5 y = 15:
Viewing the futur
Result = 0
Log for Player2: x = 6 y = 15:
Viewing the futur
Result = 0
Log for Player2: x = 7 y = 15:
Viewing the futur
Result = 0
Log for Player2: x = 8 y = 15:
Viewing the futur
Result = 0
Log for Player2: x = 9 y = 15:
Viewing the futur
Result = 0
Log for Player2: x = 10 y = 15:
Viewing the futur
Result = 0
Log for Player2: x = 11 y = 15:
Viewing the futur
Result = 0
Log for Player2: x = 12 y = 15:
Viewing the futur
Result = 0
Log for Player2: x = 13 y = 15:
Viewing the futur
Result = 0
Log for Player2: x = 14 y = 15:
Viewing the futur
Result = 0
Log for Player2: x = 15 y = 15:
Viewing the futur
Result = 0
Log for Player2: x = 16 y = 15:
Viewing the futur
Result = 0
Log for Player2: x = 17 y = 15:
Viewing the futur
Result = 0
Log for Player2: x = 18 y = 15:
Viewing the futur
Result = 0
Log for Player2: x = 0 y = 16:
Viewing the futur
Result = 0
Log for Player2: x = 1 y = 16:
Viewing the futur
Result = 0
Log for Player2: x = 2 y = 16:
Viewing the futur
Result = 0
Log for Player2: x = 3 y = 16:
Viewing the futur
Result = 0
Log for Player2: x = 4 y = 16:
Viewing the futur
Result = 0
Log for Player2: x = 5 y = 16:
Viewing the futur
Result = 0
Log for Player2: x = 6 y = 16:
Viewing the futur
Result = 0
Log for Player2: x = 7 y = 16:
Viewing the futur
Result = 0
Log for Player2: x = 8 y = 16:
Viewing the futur
Result = 0
Log for Player2: x = 9 y = 16:
Viewing the futur
Result = 0
Log for Player2: x = 10 y = 16:
Viewing the futur
Result = 0
Log for Player2: x = 11 y = 16:
Viewing the futur
Result = 0
Log for Player2: x = 12 y = 16:
Viewing the futur
Result = 0
Log for Player2: x = 13 y = 16:
Viewing the futur
Result = 0
Log for Player2: x = 14 y = 16:
Viewing the futur
Result = 0
Log for Player2: x = 15 y = 16:
Viewing the futur
Result = 0
Log for Player2: x = 16 y = 16:
Viewing the futur
Result = 0
Log for Player2: x = 17 y = 16:
Viewing the futur
Result = 0
Log for Player2: x = 18 y = 16:
Viewing the futur
Result = 0
Log for Player2: x = 0 y = 17:
Viewing the futur
Result = 0
Log for Player2: x = 1 y = 17:
Viewing the futur
Result = 0
Log for Player2: x = 2 y = 17:
Viewing the futur
Result = 0
Log for Player2: x = 3 y = 17:
Viewing the futur
Result = 0
Log for Player2: x = 4 y = 17:
Viewing the futur
Result = 0
Log for Player2: x = 5 y = 17:
Viewing the futur
Result = 0
Log for Player2: x = 6 y = 17:
Viewing the futur
Result = 0
Log for Player2: x = 7 y = 17:
Viewing the futur
Result = 0
Log for Player2: x = 8 y = 17:
Viewing the futur
Result = 0
Log for Player2: x = 9 y = 17:
Viewing the futur
Result = 0
Log for Player2: x = 10 y = 17:
Viewing the futur
Result = 0
Log for Player2: x = 11 y = 17:
Viewing the futur
Result = 0
Log for Player2: x = 12 y = 17:
Viewing the futur
Result = 0
Log for Player2: x = 13 y = 17:
Viewing the futur
Result = 0
Log for Player2: x = 14 y = 17:
Viewing the futur
Result = 0
Log for Player2: x = 15 y = 17:
Viewing the futur
Result = 0
Log for Player2: x = 16 y = 17:
Viewing the futur
Result = 0
Log for Player2: x = 17 y = 17:
Viewing the futur
Result = 0
Log for Player2: x = 18 y = 17:
Viewing the futur
Result = 0
Log for Player2: x = 0 y = 18:
Viewing the futur
Result = 0
Log for Player2: x = 1 y = 18:
Viewing the futur
Result = 0
Log for Player2: x = 2 y = 18:
Viewing the futur
Result = 0
Log for Player2: x = 3 y = 18:
Viewing the futur
Result = 0
Log for Player2: x = 4 y = 18:
Viewing the futur
Result = 0
Log for Player2: x = 5 y = 18:
Viewing the futur
Result = 0
Log for Player2: x = 6 y = 18:
Viewing the futur
Result = 0
Log for Player2: x = 7 y = 18:
Viewing the futur
Result = 0
Log for Player2: x = 8 y = 18:
Viewing the futur
Result = 0
Log for Player2: x = 9 y = 18:
Viewing the futur
Result = 0
Log for Player2: x = 10 y = 18:
Viewing the futur
Result = 0
Log for Player2: x = 11 y = 18:
Viewing the futur
Result = 0
Log for Player2: x = 12 y = 18:
Viewing the futur
Result = 0
Log for Player2: x = 13 y = 18:
Viewing the futur
Result = 0
Log for Player2: x = 14 y = 18:
Viewing the futur
Result = 0
Log for Player2: x = 15 y = 18:
Viewing the futur
Result = 0
Log for Player2: x = 16 y = 18:
Viewing the futur
Result = 0
Log for Player2: x = 17 y = 18:
Viewing the futur
Result = 0
Log for Player2: x = 18 y = 18:
Viewing the futur
Result = 0

---- 1 0 ----

Reading material file: blackgo.mtl
Loaded mesh: ./assets/blackgo.obj
Log for Player1: x = 2 y = 0:
Viewing the futur
Result = 0 it's the max !
Log for Player1: x = 3 y = 0:
Viewing the futur
Result = 0
Log for Player1: x = 4 y = 0:
Viewing the futur
Result = 0
Log for Player1: x = 5 y = 0:
Viewing the futur
Result = 0
Log for Player1: x = 6 y = 0:
Viewing the futur
Result = 0
Log for Player1: x = 7 y = 0:
Viewing the futur
Result = 0
Log for Player1: x = 8 y = 0:
Viewing the futur
Result = 0
Log for Player1: x = 9 y = 0:
Viewing the futur
Result = 0
Log for Player1: x = 10 y = 0:
Viewing the futur
Result = 0
Log for Player1: x = 11 y = 0:
Viewing the futur
Result = 0
Log for Player1: x = 12 y = 0:
Viewing the futur
Result = 0
Log for Player1: x = 13 y = 0:
Viewing the futur
Result = 0
Log for Player1: x = 14 y = 0:
Viewing the futur
Result = 0
Log for Player1: x = 15 y = 0:
Viewing the futur
Result = 0
Log for Player1: x = 16 y = 0:
Viewing the futur
Result = 0
Log for Player1: x = 17 y = 0:
Viewing the futur
Result = 0
Log for Player1: x = 18 y = 0:
Viewing the futur
Result = 0
Log for Player1: x = 0 y = 1:
Viewing the futur
Result = 2 it's the max !
Log for Player1: x = 1 y = 1:
Viewing the futur
Result = 2
Log for Player1: x = 2 y = 1:
Viewing the futur
Result = 0
Log for Player1: x = 3 y = 1:
Viewing the futur
Result = 0
Log for Player1: x = 4 y = 1:
Viewing the futur
Result = 0
Log for Player1: x = 5 y = 1:
Viewing the futur
Result = 0
Log for Player1: x = 6 y = 1:
Viewing the futur
Result = 0
Log for Player1: x = 7 y = 1:
Viewing the futur
Result = 0
Log for Player1: x = 8 y = 1:
Viewing the futur
Result = 0
Log for Player1: x = 9 y = 1:
Viewing the futur
Result = 0
Log for Player1: x = 10 y = 1:
Viewing the futur
Result = 0
Log for Player1: x = 11 y = 1:
Viewing the futur
Result = 0
Log for Player1: x = 12 y = 1:
Viewing the futur
Result = 0
Log for Player1: x = 13 y = 1:
Viewing the futur
Result = 0
Log for Player1: x = 14 y = 1:
Viewing the futur
Result = 0
Log for Player1: x = 15 y = 1:
Viewing the futur
Result = 0
Log for Player1: x = 16 y = 1:
Viewing the futur
Result = 0
Log for Player1: x = 17 y = 1:
Viewing the futur
Result = 0
Log for Player1: x = 18 y = 1:
Viewing the futur
Result = 0
Log for Player1: x = 0 y = 2:
Viewing the futur
Result = 2
Log for Player1: x = 1 y = 2:
Viewing the futur
Result = 0
Log for Player1: x = 2 y = 2:
Viewing the futur
Result = 0
Log for Player1: x = 3 y = 2:
Viewing the futur
Result = 0
Log for Player1: x = 4 y = 2:
Viewing the futur
Result = 0
Log for Player1: x = 5 y = 2:
Viewing the futur
Result = 0
Log for Player1: x = 6 y = 2:
Viewing the futur
Result = 0
Log for Player1: x = 7 y = 2:
Viewing the futur
Result = 0
Log for Player1: x = 8 y = 2:
Viewing the futur
Result = 0
Log for Player1: x = 9 y = 2:
Viewing the futur
Result = 0
Log for Player1: x = 10 y = 2:
Viewing the futur
Result = 0
Log for Player1: x = 11 y = 2:
Viewing the futur
Result = 0
Log for Player1: x = 12 y = 2:
Viewing the futur
Result = 0
Log for Player1: x = 13 y = 2:
Viewing the futur
Result = 0
Log for Player1: x = 14 y = 2:
Viewing the futur
Result = 0
Log for Player1: x = 15 y = 2:
Viewing the futur
Result = 0
Log for Player1: x = 16 y = 2:
Viewing the futur
Result = 0
Log for Player1: x = 17 y = 2:
Viewing the futur
Result = 0
Log for Player1: x = 18 y = 2:
Viewing the futur
Result = 0
Log for Player1: x = 0 y = 3:
Viewing the futur
Result = 2
Log for Player1: x = 1 y = 3:
Viewing the futur
Result = 0
Log for Player1: x = 2 y = 3:
Viewing the futur
Result = 0
Log for Player1: x = 3 y = 3:
Viewing the futur
Result = 0
Log for Player1: x = 4 y = 3:
Viewing the futur
Result = 0
Log for Player1: x = 5 y = 3:
Viewing the futur
Result = 0
Log for Player1: x = 6 y = 3:
Viewing the futur
Result = 0
Log for Player1: x = 7 y = 3:
Viewing the futur
Result = 0
Log for Player1: x = 8 y = 3:
Viewing the futur
Result = 0
Log for Player1: x = 9 y = 3:
Viewing the futur
Result = 0
Log for Player1: x = 10 y = 3:
Viewing the futur
Result = 0
Log for Player1: x = 11 y = 3:
Viewing the futur
Result = 0
Log for Player1: x = 12 y = 3:
Viewing the futur
Result = 0
Log for Player1: x = 13 y = 3:
Viewing the futur
Result = 0
Log for Player1: x = 14 y = 3:
Viewing the futur
Result = 0
Log for Player1: x = 15 y = 3:
Viewing the futur
Result = 0
Log for Player1: x = 16 y = 3:
Viewing the futur
Result = 0
Log for Player1: x = 17 y = 3:
Viewing the futur
Result = 0
Log for Player1: x = 18 y = 3:
Viewing the futur
Result = 0
Log for Player1: x = 0 y = 4:
Viewing the futur
Result = 2
Log for Player1: x = 1 y = 4:
Viewing the futur
Result = 0
Log for Player1: x = 2 y = 4:
Viewing the futur
Result = 0
Log for Player1: x = 3 y = 4:
Viewing the futur
Result = 0
Log for Player1: x = 4 y = 4:
Viewing the futur
Result = 0
Log for Player1: x = 5 y = 4:
Viewing the futur
Result = 0
Log for Player1: x = 6 y = 4:
Viewing the futur
Result = 0
Log for Player1: x = 7 y = 4:
Viewing the futur
Result = 0
Log for Player1: x = 8 y = 4:
Viewing the futur
Result = 0
Log for Player1: x = 9 y = 4:
Viewing the futur
Result = 0
Log for Player1: x = 10 y = 4:
Viewing the futur
Result = 0
Log for Player1: x = 11 y = 4:
Viewing the futur
Result = 0
Log for Player1: x = 12 y = 4:
Viewing the futur
Result = 0
Log for Player1: x = 13 y = 4:
Viewing the futur
Result = 0
Log for Player1: x = 14 y = 4:
Viewing the futur
Result = 0
Log for Player1: x = 15 y = 4:
Viewing the futur
Result = 0
Log for Player1: x = 16 y = 4:
Viewing the futur
Result = 0
Log for Player1: x = 17 y = 4:
Viewing the futur
Result = 0
Log for Player1: x = 18 y = 4:
Viewing the futur
Result = 0
Log for Player1: x = 0 y = 5:
Viewing the futur
Result = 2
Log for Player1: x = 1 y = 5:
Viewing the futur
Result = 0
Log for Player1: x = 2 y = 5:
Viewing the futur
Result = 0
Log for Player1: x = 3 y = 5:
Viewing the futur
Result = 0
Log for Player1: x = 4 y = 5:
Viewing the futur
Result = 0
Log for Player1: x = 5 y = 5:
Viewing the futur
Result = 0
Log for Player1: x = 6 y = 5:
Viewing the futur
Result = 0
Log for Player1: x = 7 y = 5:
Viewing the futur
Result = 0
Log for Player1: x = 8 y = 5:
Viewing the futur
Result = 0
Log for Player1: x = 9 y = 5:
Viewing the futur
Result = 0
Log for Player1: x = 10 y = 5:
Viewing the futur
Result = 0
Log for Player1: x = 11 y = 5:
Viewing the futur
Result = 0
Log for Player1: x = 12 y = 5:
Viewing the futur
Result = 0
Log for Player1: x = 13 y = 5:
Viewing the futur
Result = 0
Log for Player1: x = 14 y = 5:
Viewing the futur
Result = 0
Log for Player1: x = 15 y = 5:
Viewing the futur
Result = 0
Log for Player1: x = 16 y = 5:
Viewing the futur
Result = 0
Log for Player1: x = 17 y = 5:
Viewing the futur
Result = 0
Log for Player1: x = 18 y = 5:
Viewing the futur
Result = 0
Log for Player1: x = 0 y = 6:
Viewing the futur
Result = 2
Log for Player1: x = 1 y = 6:
Viewing the futur
Result = 0
Log for Player1: x = 2 y = 6:
Viewing the futur
Result = 0
Log for Player1: x = 3 y = 6:
Viewing the futur
Result = 0
Log for Player1: x = 4 y = 6:
Viewing the futur
Result = 0
Log for Player1: x = 5 y = 6:
Viewing the futur
Result = 0
Log for Player1: x = 6 y = 6:
Viewing the futur
Result = 0
Log for Player1: x = 7 y = 6:
Viewing the futur
Result = 0
Log for Player1: x = 8 y = 6:
Viewing the futur
Result = 0
Log for Player1: x = 9 y = 6:
Viewing the futur
Result = 0
Log for Player1: x = 10 y = 6:
Viewing the futur
Result = 0
Log for Player1: x = 11 y = 6:
Viewing the futur
Result = 0
Log for Player1: x = 12 y = 6:
Viewing the futur
Result = 0
Log for Player1: x = 13 y = 6:
Viewing the futur
Result = 0
Log for Player1: x = 14 y = 6:
Viewing the futur
Result = 0
Log for Player1: x = 15 y = 6:
Viewing the futur
Result = 0
Log for Player1: x = 16 y = 6:
Viewing the futur
Result = 0
Log for Player1: x = 17 y = 6:
Viewing the futur
Result = 0
Log for Player1: x = 18 y = 6:
Viewing the futur
Result = 0
Log for Player1: x = 0 y = 7:
Viewing the futur
Result = 2
Log for Player1: x = 1 y = 7:
Viewing the futur
Result = 0
Log for Player1: x = 2 y = 7:
Viewing the futur
Result = 0
Log for Player1: x = 3 y = 7:
Viewing the futur
Result = 0
Log for Player1: x = 4 y = 7:
Viewing the futur
Result = 0
Log for Player1: x = 5 y = 7:
Viewing the futur
Result = 0
Log for Player1: x = 6 y = 7:
Viewing the futur
Result = 0
Log for Player1: x = 7 y = 7:
Viewing the futur
Result = 0
Log for Player1: x = 8 y = 7:
Viewing the futur
Result = 0
Log for Player1: x = 9 y = 7:
Viewing the futur
Result = 0
Log for Player1: x = 10 y = 7:
Viewing the futur
Result = 0
Log for Player1: x = 11 y = 7:
Viewing the futur
Result = 0
Log for Player1: x = 12 y = 7:
Viewing the futur
Result = 0
Log for Player1: x = 13 y = 7:
Viewing the futur
Result = 0
Log for Player1: x = 14 y = 7:
Viewing the futur
Result = 0
Log for Player1: x = 15 y = 7:
Viewing the futur
Result = 0
Log for Player1: x = 16 y = 7:
Viewing the futur
Result = 0
Log for Player1: x = 17 y = 7:
Viewing the futur
Result = 0
Log for Player1: x = 18 y = 7:
Viewing the futur
Result = 0
Log for Player1: x = 0 y = 8:
Viewing the futur
Result = 2
Log for Player1: x = 1 y = 8:
Viewing the futur
Result = 0
Log for Player1: x = 2 y = 8:
Viewing the futur
Result = 0
Log for Player1: x = 3 y = 8:
Viewing the futur
Result = 0
Log for Player1: x = 4 y = 8:
Viewing the futur
Result = 0
Log for Player1: x = 5 y = 8:
Viewing the futur
Result = 0
Log for Player1: x = 6 y = 8:
Viewing the futur
Result = 0
Log for Player1: x = 7 y = 8:
Viewing the futur
Result = 0
Log for Player1: x = 8 y = 8:
Viewing the futur
Result = 0
Log for Player1: x = 9 y = 8:
Viewing the futur
Result = 0
Log for Player1: x = 10 y = 8:
Viewing the futur
Result = 0
Log for Player1: x = 11 y = 8:
Viewing the futur
Result = 0
Log for Player1: x = 12 y = 8:
Viewing the futur
Result = 0
Log for Player1: x = 13 y = 8:
Viewing the futur
Result = 0
Log for Player1: x = 14 y = 8:
Viewing the futur
Result = 0
Log for Player1: x = 15 y = 8:
Viewing the futur
Result = 0
Log for Player1: x = 16 y = 8:
Viewing the futur
Result = 0
Log for Player1: x = 17 y = 8:
Viewing the futur
Result = 0
Log for Player1: x = 18 y = 8:
Viewing the futur
Result = 0
Log for Player1: x = 0 y = 9:
Viewing the futur
Result = 2
Log for Player1: x = 1 y = 9:
Viewing the futur
Result = 0
Log for Player1: x = 2 y = 9:
Viewing the futur
Result = 0
Log for Player1: x = 3 y = 9:
Viewing the futur
Result = 0
Log for Player1: x = 4 y = 9:
Viewing the futur
Result = 0
Log for Player1: x = 5 y = 9:
Viewing the futur
Result = 0
Log for Player1: x = 6 y = 9:
Viewing the futur
Result = 0
Log for Player1: x = 7 y = 9:
Viewing the futur
Result = 0
Log for Player1: x = 8 y = 9:
Viewing the futur
Result = 0
Log for Player1: x = 9 y = 9:
Viewing the futur
Result = 0
Log for Player1: x = 10 y = 9:
Viewing the futur
Result = 0
Log for Player1: x = 11 y = 9:
Viewing the futur
Result = 0
Log for Player1: x = 12 y = 9:
Viewing the futur
Result = 0
Log for Player1: x = 13 y = 9:
Viewing the futur
Result = 0
Log for Player1: x = 14 y = 9:
Viewing the futur
Result = 0
Log for Player1: x = 15 y = 9:
Viewing the futur
Result = 0
Log for Player1: x = 16 y = 9:
Viewing the futur
Result = 0
Log for Player1: x = 17 y = 9:
Viewing the futur
Result = 0
Log for Player1: x = 18 y = 9:
Viewing the futur
Result = 0
Log for Player1: x = 0 y = 10:
Viewing the futur
Result = 2
Log for Player1: x = 1 y = 10:
Viewing the futur
Result = 0
Log for Player1: x = 2 y = 10:
Viewing the futur
Result = 0
Log for Player1: x = 3 y = 10:
Viewing the futur
Result = 0
Log for Player1: x = 4 y = 10:
Viewing the futur
Result = 0
Log for Player1: x = 5 y = 10:
Viewing the futur
Result = 0
Log for Player1: x = 6 y = 10:
Viewing the futur
Result = 0
Log for Player1: x = 7 y = 10:
Viewing the futur
Result = 0
Log for Player1: x = 8 y = 10:
Viewing the futur
Result = 0
Log for Player1: x = 9 y = 10:
Viewing the futur
Result = 0
Log for Player1: x = 10 y = 10:
Viewing the futur
Result = 0
Log for Player1: x = 11 y = 10:
Viewing the futur
Result = 0
Log for Player1: x = 12 y = 10:
Viewing the futur
Result = 0
Log for Player1: x = 13 y = 10:
Viewing the futur
Result = 0
Log for Player1: x = 14 y = 10:
Viewing the futur
Result = 0
Log for Player1: x = 15 y = 10:
Viewing the futur
Result = 0
Log for Player1: x = 16 y = 10:
Viewing the futur
Result = 0
Log for Player1: x = 17 y = 10:
Viewing the futur
Result = 0
Log for Player1: x = 18 y = 10:
Viewing the futur
Result = 0
Log for Player1: x = 0 y = 11:
Viewing the futur
Result = 2
Log for Player1: x = 1 y = 11:
Viewing the futur
Result = 0
Log for Player1: x = 2 y = 11:
Viewing the futur
Result = 0
Log for Player1: x = 3 y = 11:
Viewing the futur
Result = 0
Log for Player1: x = 4 y = 11:
Viewing the futur
Result = 0
Log for Player1: x = 5 y = 11:
Viewing the futur
Result = 0
Log for Player1: x = 6 y = 11:
Viewing the futur
Result = 0
Log for Player1: x = 7 y = 11:
Viewing the futur
Result = 0
Log for Player1: x = 8 y = 11:
Viewing the futur
Result = 0
Log for Player1: x = 9 y = 11:
Viewing the futur
Result = 0
Log for Player1: x = 10 y = 11:
Viewing the futur
Result = 0
Log for Player1: x = 11 y = 11:
Viewing the futur
Result = 0
Log for Player1: x = 12 y = 11:
Viewing the futur
Result = 0
Log for Player1: x = 13 y = 11:
Viewing the futur
Result = 0
Log for Player1: x = 14 y = 11:
Viewing the futur
Result = 0
Log for Player1: x = 15 y = 11:
Viewing the futur
Result = 0
Log for Player1: x = 16 y = 11:
Viewing the futur
Result = 0
Log for Player1: x = 17 y = 11:
Viewing the futur
Result = 0
Log for Player1: x = 18 y = 11:
Viewing the futur
Result = 0
Log for Player1: x = 0 y = 12:
Viewing the futur
Result = 2
Log for Player1: x = 1 y = 12:
Viewing the futur
Result = 0
Log for Player1: x = 2 y = 12:
Viewing the futur
Result = 0
Log for Player1: x = 3 y = 12:
Viewing the futur
Result = 0
Log for Player1: x = 4 y = 12:
Viewing the futur
Result = 0
Log for Player1: x = 5 y = 12:
Viewing the futur
Result = 0
Log for Player1: x = 6 y = 12:
Viewing the futur
Result = 0
Log for Player1: x = 7 y = 12:
Viewing the futur
Result = 0
Log for Player1: x = 8 y = 12:
Viewing the futur
Result = 0
Log for Player1: x = 9 y = 12:
Viewing the futur
Result = 0
Log for Player1: x = 10 y = 12:
Viewing the futur
Result = 0
Log for Player1: x = 11 y = 12:
Viewing the futur
Result = 0
Log for Player1: x = 12 y = 12:
Viewing the futur
Result = 0
Log for Player1: x = 13 y = 12:
Viewing the futur
Result = 0
Log for Player1: x = 14 y = 12:
Viewing the futur
Result = 0
Log for Player1: x = 15 y = 12:
Viewing the futur
Result = 0
Log for Player1: x = 16 y = 12:
Viewing the futur
Result = 0
Log for Player1: x = 17 y = 12:
Viewing the futur
Result = 0
Log for Player1: x = 18 y = 12:
Viewing the futur
Result = 0
Log for Player1: x = 0 y = 13:
Viewing the futur
Result = 2
Log for Player1: x = 1 y = 13:
Viewing the futur
Result = 0
Log for Player1: x = 2 y = 13:
Viewing the futur
Result = 0
Log for Player1: x = 3 y = 13:
Viewing the futur
Result = 0
Log for Player1: x = 4 y = 13:
Viewing the futur
Result = 0
Log for Player1: x = 5 y = 13:
Viewing the futur
Result = 0
Log for Player1: x = 6 y = 13:
Viewing the futur
Result = 0
Log for Player1: x = 7 y = 13:
Viewing the futur
Result = 0
Log for Player1: x = 8 y = 13:
Viewing the futur
Result = 0
Log for Player1: x = 9 y = 13:
Viewing the futur
Result = 0
Log for Player1: x = 10 y = 13:
Viewing the futur
Result = 0
Log for Player1: x = 11 y = 13:
Viewing the futur
Result = 0
Log for Player1: x = 12 y = 13:
Viewing the futur
Result = 0
Log for Player1: x = 13 y = 13:
Viewing the futur
Result = 0
Log for Player1: x = 14 y = 13:
Viewing the futur
Result = 0
Log for Player1: x = 15 y = 13:
Viewing the futur
Result = 0
Log for Player1: x = 16 y = 13:
Viewing the futur
Result = 0
Log for Player1: x = 17 y = 13:
Viewing the futur
Result = 0
Log for Player1: x = 18 y = 13:
Viewing the futur
Result = 0
Log for Player1: x = 0 y = 14:
Viewing the futur
Result = 2
Log for Player1: x = 1 y = 14:
Viewing the futur
Result = 0
Log for Player1: x = 2 y = 14:
Viewing the futur
Result = 0
Log for Player1: x = 3 y = 14:
Viewing the futur
Result = 0
Log for Player1: x = 4 y = 14:
Viewing the futur
Result = 0
Log for Player1: x = 5 y = 14:
Viewing the futur
Result = 0
Log for Player1: x = 6 y = 14:
Viewing the futur
Result = 0
Log for Player1: x = 7 y = 14:
Viewing the futur
Result = 0
Log for Player1: x = 8 y = 14:
Viewing the futur
Result = 0
Log for Player1: x = 9 y = 14:
Viewing the futur
Result = 0
Log for Player1: x = 10 y = 14:
Viewing the futur
Result = 0
Log for Player1: x = 11 y = 14:
Viewing the futur
Result = 0
Log for Player1: x = 12 y = 14:
Viewing the futur
Result = 0
Log for Player1: x = 13 y = 14:
Viewing the futur
Result = 0
Log for Player1: x = 14 y = 14:
Viewing the futur
Result = 0
Log for Player1: x = 15 y = 14:
Viewing the futur
Result = 0
Log for Player1: x = 16 y = 14:
Viewing the futur
Result = 0
Log for Player1: x = 17 y = 14:
Viewing the futur
Result = 0
Log for Player1: x = 18 y = 14:
Viewing the futur
Result = 0
Log for Player1: x = 0 y = 15:
Viewing the futur
Result = 2
Log for Player1: x = 1 y = 15:
Viewing the futur
Result = 0
Log for Player1: x = 2 y = 15:
Viewing the futur
Result = 0
Log for Player1: x = 3 y = 15:
Viewing the futur
Result = 0
Log for Player1: x = 4 y = 15:
Viewing the futur
Result = 0
Log for Player1: x = 5 y = 15:
Viewing the futur
Result = 0
Log for Player1: x = 6 y = 15:
Viewing the futur
Result = 0
Log for Player1: x = 7 y = 15:
Viewing the futur
Result = 0
Log for Player1: x = 8 y = 15:
Viewing the futur
Result = 0
Log for Player1: x = 9 y = 15:
Viewing the futur
Result = 0
Log for Player1: x = 10 y = 15:
Viewing the futur
Result = 0
Log for Player1: x = 11 y = 15:
Viewing the futur
Result = 0
Log for Player1: x = 12 y = 15:
Viewing the futur
Result = 0
Log for Player1: x = 13 y = 15:
Viewing the futur
Result = 0
Log for Player1: x = 14 y = 15:
Viewing the futur
Result = 0
Log for Player1: x = 15 y = 15:
Viewing the futur
Result = 0
Log for Player1: x = 16 y = 15:
Viewing the futur
Result = 0
Log for Player1: x = 17 y = 15:
Viewing the futur
Result = 0
Log for Player1: x = 18 y = 15:
Viewing the futur
Result = 0
Log for Player1: x = 0 y = 16:
Viewing the futur
Result = 2
Log for Player1: x = 1 y = 16:
Viewing the futur
Result = 0
Log for Player1: x = 2 y = 16:
Viewing the futur
Result = 0
Log for Player1: x = 3 y = 16:
Viewing the futur
Result = 0
Log for Player1: x = 4 y = 16:
Viewing the futur
Result = 0
Log for Player1: x = 5 y = 16:
Viewing the futur
Result = 0
Log for Player1: x = 6 y = 16:
Viewing the futur
Result = 0
Log for Player1: x = 7 y = 16:
Viewing the futur
Result = 0
Log for Player1: x = 8 y = 16:
Viewing the futur
Result = 0
Log for Player1: x = 9 y = 16:
Viewing the futur
Result = 0
Log for Player1: x = 10 y = 16:
Viewing the futur
Result = 0
Log for Player1: x = 11 y = 16:
Viewing the futur
Result = 0
Log for Player1: x = 12 y = 16:
Viewing the futur
Result = 0
Log for Player1: x = 13 y = 16:
Viewing the futur
Result = 0
Log for Player1: x = 14 y = 16:
Viewing the futur
Result = 0
Log for Player1: x = 15 y = 16:
Viewing the futur
Result = 0
Log for Player1: x = 16 y = 16:
Viewing the futur
Result = 0
Log for Player1: x = 17 y = 16:
Viewing the futur
Result = 0
Log for Player1: x = 18 y = 16:
Viewing the futur
Result = 0
Log for Player1: x = 0 y = 17:
Viewing the futur
Result = 2
Log for Player1: x = 1 y = 17:
Viewing the futur
Result = 0
Log for Player1: x = 2 y = 17:
Viewing the futur
Result = 0
Log for Player1: x = 3 y = 17:
Viewing the futur
Result = 0
Log for Player1: x = 4 y = 17:
Viewing the futur
Result = 0
Log for Player1: x = 5 y = 17:
Viewing the futur
Result = 0
Log for Player1: x = 6 y = 17:
Viewing the futur
Result = 0
Log for Player1: x = 7 y = 17:
Viewing the futur
Result = 0
Log for Player1: x = 8 y = 17:
Viewing the futur
Result = 0
Log for Player1: x = 9 y = 17:
Viewing the futur
Result = 0
Log for Player1: x = 10 y = 17:
Viewing the futur
Result = 0
Log for Player1: x = 11 y = 17:
Viewing the futur
Result = 0
Log for Player1: x = 12 y = 17:
Viewing the futur
Result = 0
Log for Player1: x = 13 y = 17:
Viewing the futur
Result = 0
Log for Player1: x = 14 y = 17:
Viewing the futur
Result = 0
Log for Player1: x = 15 y = 17:
Viewing the futur
Result = 0
Log for Player1: x = 16 y = 17:
Viewing the futur
Result = 0
Log for Player1: x = 17 y = 17:
Viewing the futur
Result = 0
Log for Player1: x = 18 y = 17:
Viewing the futur
Result = 0
Log for Player1: x = 0 y = 18:
Viewing the futur
Result = 2
Log for Player1: x = 1 y = 18:
Viewing the futur
Result = 0
Log for Player1: x = 2 y = 18:
Viewing the futur
Result = 0
Log for Player1: x = 3 y = 18:
Viewing the futur
Result = 0
Log for Player1: x = 4 y = 18:
Viewing the futur
Result = 0
Log for Player1: x = 5 y = 18:
Viewing the futur
Result = 0
Log for Player1: x = 6 y = 18:
Viewing the futur
Result = 0
Log for Player1: x = 7 y = 18:
Viewing the futur
Result = 0
Log for Player1: x = 8 y = 18:
Viewing the futur
Result = 0
Log for Player1: x = 9 y = 18:
Viewing the futur
Result = 0
Log for Player1: x = 10 y = 18:
Viewing the futur
Result = 0
Log for Player1: x = 11 y = 18:
Viewing the futur
Result = 0
Log for Player1: x = 12 y = 18:
Viewing the futur
Result = 0
Log for Player1: x = 13 y = 18:
Viewing the futur
Result = 0
Log for Player1: x = 14 y = 18:
Viewing the futur
Result = 0
Log for Player1: x = 15 y = 18:
Viewing the futur
Result = 0
Log for Player1: x = 16 y = 18:
Viewing the futur
Result = 0
Log for Player1: x = 17 y = 18:
Viewing the futur
Result = 0
Log for Player1: x = 18 y = 18:
Viewing the futur
Result = 0

---- 0 1 ----

